<?xml version="1.0" encoding="UTF-8"?>
<!-- Generated by org.testng.reporters.JUnitReportReporter -->
<testsuite hostname="CBT-075" name="com.test.scripts.WelcomeTest" tests="1" failures="0" timestamp="29 Feb 2016 06:22:11 GMT" time="31.660" errors="0">
  <testcase name="testWelcome" time="31.660" classname="com.test.scripts.WelcomeTest"/>
</testsuite> <!-- com.test.scripts.WelcomeTest -->
